Jul-04 00:32:05.545 [main] DEBUG nextflow.cli.Launcher - $> nextflow run generate_report/main.nf --input output/filtered.csv --output output/report.pdf --publishDir . -with-docker
Jul-04 00:32:05.694 [main] INFO  nextflow.cli.CmdRun - N E X T F L O W  ~  version 22.04.5
Jul-04 00:32:05.724 [main] DEBUG nextflow.config.ConfigBuilder - Found config base: /mnt/d/Data_Intuitive_Internship/GitHub/generate_report/nextflow.config
Jul-04 00:32:05.727 [main] DEBUG nextflow.config.ConfigBuilder - Parsing config file: /mnt/d/Data_Intuitive_Internship/GitHub/generate_report/nextflow.config
Jul-04 00:32:05.789 [main] DEBUG nextflow.config.ConfigBuilder - Applying config profile: `standard`
Jul-04 00:32:07.478 [main] DEBUG nextflow.config.ConfigBuilder - Enabling execution in Docker container as requested by cli option `-with-docker -`
Jul-04 00:32:07.533 [main] DEBUG nextflow.cli.CmdRun - Applied DSL=2 from script declararion
Jul-04 00:32:07.696 [main] INFO  nextflow.cli.CmdRun - Launching `generate_report/main.nf` [friendly_bardeen] DSL2 - revision: 361be1f92c
Jul-04 00:32:07.762 [main] DEBUG nextflow.plugin.PluginsFacade - Setting up plugin manager > mode=prod; plugins-dir=/home/suman/.nextflow/plugins; core-plugins: nf-amazon@1.7.2,nf-azure@0.13.2,nf-console@1.0.3,nf-ga4gh@1.0.3,nf-google@1.1.4,nf-sqldb@0.4.0,nf-tower@1.4.0
Jul-04 00:32:07.775 [main] DEBUG nextflow.plugin.PluginsFacade - Plugins default=[]
Jul-04 00:32:07.840 [main] INFO  org.pf4j.DefaultPluginStatusProvider - Enabled plugins: []
Jul-04 00:32:07.872 [main] INFO  org.pf4j.DefaultPluginStatusProvider - Disabled plugins: []
Jul-04 00:32:07.884 [main] INFO  org.pf4j.DefaultPluginManager - PF4J version 3.4.1 in 'deployment' mode
Jul-04 00:32:08.002 [main] INFO  org.pf4j.AbstractPluginManager - No plugins
Jul-04 00:32:08.291 [main] DEBUG nextflow.Session - Session uuid: 21d3dc18-b5ae-48a7-b37a-539ace805d7e
Jul-04 00:32:08.294 [main] DEBUG nextflow.Session - Run name: friendly_bardeen
Jul-04 00:32:08.298 [main] DEBUG nextflow.Session - Executor pool size: 8
Jul-04 00:32:08.473 [main] DEBUG nextflow.cli.CmdRun - 
  Version: 22.04.5 build 5708
  Created: 15-07-2022 16:09 UTC (18:09 CEST)
  System: Linux 5.15.153.1-microsoft-standard-WSL2
  Runtime: Groovy 3.0.10 on OpenJDK 64-Bit Server VM 11.0.23+9-post-Debian-1deb11u1
  Encoding: UTF-8 (UTF-8)
  Process: 46429@DESKTOP-FCL0U3R [127.0.1.1]
  CPUs: 8 - Mem: 3.8 GB (1.9 GB) - Swap: 1 GB (1023.2 MB)
Jul-04 00:32:08.651 [main] DEBUG nextflow.Session - Work-dir: /mnt/d/Data_Intuitive_Internship/GitHub/work [v9fs]
Jul-04 00:32:08.659 [main] DEBUG nextflow.Session - Script base path does not exist or is not a directory: /mnt/d/Data_Intuitive_Internship/GitHub/generate_report/bin
Jul-04 00:32:08.686 [main] DEBUG nextflow.executor.ExecutorFactory - Extension executors providers=[]
Jul-04 00:32:08.728 [main] DEBUG nextflow.Session - Observer factory: DefaultObserverFactory
Jul-04 00:32:08.842 [main] DEBUG nextflow.cache.CacheFactory - Using Nextflow cache factory: nextflow.cache.DefaultCacheFactory
Jul-04 00:32:08.881 [main] DEBUG nextflow.util.CustomThreadPool - Creating default thread pool > poolSize: 9; maxThreads: 1000
Jul-04 00:32:09.260 [main] DEBUG nextflow.Session - Session start invoked
Jul-04 00:32:18.061 [main] DEBUG nextflow.script.ScriptRunner - > Launching execution
Jul-04 00:32:19.177 [main] DEBUG nextflow.executor.ExecutorFactory - << taskConfig executor: null
Jul-04 00:32:19.178 [main] DEBUG nextflow.executor.ExecutorFactory - >> processorType: 'local'
Jul-04 00:32:19.185 [main] DEBUG nextflow.executor.Executor - [warm up] executor > local
Jul-04 00:32:19.200 [main] DEBUG n.processor.LocalPollingMonitor - Creating local task monitor for executor 'local' > cpus=8; memory=3.8 GB; capacity=8; pollInterval=100ms; dumpInterval=5m
Jul-04 00:32:19.481 [main] DEBUG nextflow.executor.ExecutorFactory - << taskConfig executor: null
Jul-04 00:32:19.482 [main] DEBUG nextflow.executor.ExecutorFactory - >> processorType: 'local'
Jul-04 00:32:19.505 [main] DEBUG nextflow.Session - Workflow process names [dsl2]: generate_report_process, generate_report:processWf:generate_report_process, generate_report:publishStatesSimpleWf:publishStatesProc, publishStatesProc
Jul-04 00:32:19.514 [main] DEBUG nextflow.Session - Ignite dataflow network (4)
Jul-04 00:32:19.519 [main] DEBUG nextflow.processor.TaskProcessor - Starting process > generate_report:processWf:generate_report_process
Jul-04 00:32:19.526 [main] DEBUG nextflow.processor.TaskProcessor - Starting process > generate_report:publishStatesSimpleWf:publishStatesProc
Jul-04 00:32:19.534 [main] DEBUG nextflow.script.ScriptRunner - > Await termination 
Jul-04 00:32:19.534 [main] DEBUG nextflow.Session - Session await
Jul-04 00:32:19.934 [Task submitter] DEBUG nextflow.executor.LocalTaskHandler - Launch cmd line: /bin/bash -ue .command.run
Jul-04 00:32:19.947 [Task submitter] INFO  nextflow.Session - [22/3d2c42] Submitted process > generate_report:processWf:generate_report_process (run)
Jul-04 00:32:24.761 [Task monitor] DEBUG n.processor.TaskPollingMonitor - Task completed > TaskHandler[id: 1; name: generate_report:processWf:generate_report_process (run); status: COMPLETED; exit: 0; error: -; workDir: /mnt/d/Data_Intuitive_Internship/GitHub/work/22/3d2c42cd56bdf880fe16db080ecc67]
Jul-04 00:32:24.942 [Task submitter] DEBUG nextflow.executor.LocalTaskHandler - Launch cmd line: /bin/bash -ue .command.run
Jul-04 00:32:24.944 [Task submitter] INFO  nextflow.Session - [84/c800e4] Submitted process > generate_report:publishStatesSimpleWf:publishStatesProc (run)
Jul-04 00:32:25.879 [Task monitor] DEBUG n.processor.TaskPollingMonitor - Task completed > TaskHandler[id: 2; name: generate_report:publishStatesSimpleWf:publishStatesProc (run); status: COMPLETED; exit: 0; error: -; workDir: /mnt/d/Data_Intuitive_Internship/GitHub/work/84/c800e4e5abac44e861818376515d2f]
Jul-04 00:32:25.897 [Task monitor] DEBUG nextflow.util.ThreadPoolBuilder - Creating thread pool 'FileTransfer' minSize=4; maxSize=4; workQueue=LinkedBlockingQueue[10000]; allowCoreThreadTimeout=false
Jul-04 00:32:25.901 [main] DEBUG nextflow.Session - Session await > all process finished
Jul-04 00:32:25.904 [main] DEBUG nextflow.Session - Session await > all barriers passed
Jul-04 00:32:25.956 [main] DEBUG nextflow.trace.WorkflowStatsObserver - Workflow completed > WorkflowStats[succeededCount=2; failedCount=0; ignoredCount=0; cachedCount=0; pendingCount=0; submittedCount=0; runningCount=0; retriesCount=0; abortedCount=0; succeedDuration=5.5s; failedDuration=0ms; cachedDuration=0ms;loadCpus=0; loadMemory=0; peakRunning=1; peakCpus=1; peakMemory=0; ]
Jul-04 00:32:26.130 [main] DEBUG nextflow.cache.CacheDB - Closing CacheDB done
Jul-04 00:32:26.169 [main] DEBUG nextflow.script.ScriptRunner - > Execution complete -- Goodbye
